<?xml version="1.0" encoding="UTF-8"?>
<testsuite name="com.pbkk.demoxml.DemoxmlApplicationTests" tests="1" skipped="0" failures="0" errors="0" timestamp="2019-03-24T18:42:38" hostname="adhityairvan-X450JN" time="0.093">
  <properties/>
  <testcase name="contextLoads" classname="com.pbkk.demoxml.DemoxmlApplicationTests" time="0.093"/>
  <system-out><![CDATA[01:42:38.247 [Test worker] DEBUG org.springframework.test.context.junit4.SpringJUnit4ClassRunner - SpringJUnit4ClassRunner constructor called with [class com.pbkk.demoxml.DemoxmlApplicationTests]
01:42:38.252 [Test worker] DEBUG org.springframework.test.context.BootstrapUtils - Instantiating CacheAwareContextLoaderDelegate from class [org.springframework.test.context.cache.DefaultCacheAwareContextLoaderDelegate]
01:42:38.257 [Test worker] DEBUG org.springframework.test.context.BootstrapUtils - Instantiating BootstrapContext using constructor [public org.springframework.test.context.support.DefaultBootstrapContext(java.lang.Class,org.springframework.test.context.CacheAwareContextLoaderDelegate)]
01:42:38.271 [Test worker] DEBUG org.springframework.test.context.BootstrapUtils - Instantiating TestContextBootstrapper for test class [com.pbkk.demoxml.DemoxmlApplicationTests] from class [org.springframework.boot.test.context.SpringBootTestContextBootstrapper]
01:42:38.279 [Test worker] INFO org.springframework.boot.test.context.SpringBootTestContextBootstrapper - Neither @ContextConfiguration nor @ContextHierarchy found for test class [com.pbkk.demoxml.DemoxmlApplicationTests], using SpringBootContextLoader
01:42:38.288 [Test worker] DEBUG org.springframework.test.context.support.AbstractContextLoader - Did not detect default resource location for test class [com.pbkk.demoxml.DemoxmlApplicationTests]: class path resource [com/pbkk/demoxml/DemoxmlApplicationTests-context.xml] does not exist
01:42:38.288 [Test worker] DEBUG org.springframework.test.context.support.AbstractContextLoader - Did not detect default resource location for test class [com.pbkk.demoxml.DemoxmlApplicationTests]: class path resource [com/pbkk/demoxml/DemoxmlApplicationTestsContext.groovy] does not exist
01:42:38.288 [Test worker] INFO org.springframework.test.context.support.AbstractContextLoader - Could not detect default resource locations for test class [com.pbkk.demoxml.DemoxmlApplicationTests]: no resource found for suffixes {-context.xml, Context.groovy}.
01:42:38.289 [Test worker] INFO org.springframework.test.context.support.AnnotationConfigContextLoaderUtils - Could not detect default configuration classes for test class [com.pbkk.demoxml.DemoxmlApplicationTests]: DemoxmlApplicationTests does not declare any static, non-private, non-final, nested classes annotated with @Configuration.
01:42:38.316 [Test worker] DEBUG org.springframework.test.context.support.ActiveProfilesUtils - Could not find an 'annotation declaring class' for annotation type [org.springframework.test.context.ActiveProfiles] and class [com.pbkk.demoxml.DemoxmlApplicationTests]
01:42:38.365 [Test worker] DEBUG org.springframework.context.annotation.ClassPathScanningCandidateComponentProvider - Identified candidate component class: file [/home/adhityairvan/Documents/Kuliah/pbkk/xml/build/classes/java/main/com/pbkk/demoxml/DemoxmlApplication.class]
01:42:38.366 [Test worker] INFO org.springframework.boot.test.context.SpringBootTestContextBootstrapper - Found @SpringBootConfiguration com.pbkk.demoxml.DemoxmlApplication for test class com.pbkk.demoxml.DemoxmlApplicationTests
01:42:38.426 [Test worker] DEBUG org.springframework.boot.test.context.SpringBootTestContextBootstrapper - @TestExecutionListeners is not present for class [com.pbkk.demoxml.DemoxmlApplicationTests]: using defaults.
01:42:38.427 [Test worker] INFO org.springframework.boot.test.context.SpringBootTestContextBootstrapper - Loaded default TestExecutionListener class names from location [META-INF/spring.factories]: [org.springframework.boot.test.autoconfigure.restdocs.RestDocsTestExecutionListener, org.springframework.boot.test.autoconfigure.web.client.MockRestServiceServerResetTestExecutionListener, org.springframework.boot.test.autoconfigure.web.servlet.MockMvcPrintOnlyOnFailureTestExecutionListener, org.springframework.boot.test.autoconfigure.web.servlet.WebDriverTestExecutionListener, org.springframework.boot.test.mock.mockito.MockitoTestExecutionListener, org.springframework.boot.test.mock.mockito.ResetMocksTestExecutionListener, org.springframework.test.context.web.ServletTestExecutionListener, org.springframework.test.context.support.DirtiesContextBeforeModesTestExecutionListener, org.springframework.test.context.support.DependencyInjectionTestExecutionListener, org.springframework.test.context.support.DirtiesContextTestExecutionListener, org.springframework.test.context.transaction.TransactionalTestExecutionListener, org.springframework.test.context.jdbc.SqlScriptsTestExecutionListener]
01:42:38.431 [Test worker] DEBUG org.springframework.boot.test.context.SpringBootTestContextBootstrapper - Skipping candidate TestExecutionListener [org.springframework.test.context.web.ServletTestExecutionListener] due to a missing dependency. Specify custom listener classes or make the default listener classes and their required dependencies available. Offending class: [javax/servlet/ServletContext]
01:42:38.433 [Test worker] DEBUG org.springframework.boot.test.context.SpringBootTestContextBootstrapper - Skipping candidate TestExecutionListener [org.springframework.test.context.transaction.TransactionalTestExecutionListener] due to a missing dependency. Specify custom listener classes or make the default listener classes and their required dependencies available. Offending class: [org/springframework/transaction/TransactionDefinition]
01:42:38.433 [Test worker] DEBUG org.springframework.boot.test.context.SpringBootTestContextBootstrapper - Skipping candidate TestExecutionListener [org.springframework.test.context.jdbc.SqlScriptsTestExecutionListener] due to a missing dependency. Specify custom listener classes or make the default listener classes and their required dependencies available. Offending class: [org/springframework/transaction/interceptor/TransactionAttribute]
01:42:38.433 [Test worker] INFO org.springframework.boot.test.context.SpringBootTestContextBootstrapper - Using TestExecutionListeners: [org.springframework.test.context.support.DirtiesContextBeforeModesTestExecutionListener@b5bcb51, org.springframework.boot.test.mock.mockito.MockitoTestExecutionListener@3c62bdf8, org.springframework.boot.test.autoconfigure.SpringBootDependencyInjectionTestExecutionListener@2df2066a, org.springframework.test.context.support.DirtiesContextTestExecutionListener@38d8de0b, org.springframework.boot.test.autoconfigure.restdocs.RestDocsTestExecutionListener@6d8c8b02, org.springframework.boot.test.autoconfigure.web.client.MockRestServiceServerResetTestExecutionListener@44286636, org.springframework.boot.test.autoconfigure.web.servlet.MockMvcPrintOnlyOnFailureTestExecutionListener@7954e98f, org.springframework.boot.test.autoconfigure.web.servlet.WebDriverTestExecutionListener@7024828, org.springframework.boot.test.mock.mockito.ResetMocksTestExecutionListener@e5f0751]
01:42:38.435 [Test worker] DEBUG org.springframework.test.annotation.ProfileValueUtils - Retrieved @ProfileValueSourceConfiguration [null] for test class [com.pbkk.demoxml.DemoxmlApplicationTests]
01:42:38.436 [Test worker] DEBUG org.springframework.test.annotation.ProfileValueUtils - Retrieved ProfileValueSource type [class org.springframework.test.annotation.SystemProfileValueSource] for class [com.pbkk.demoxml.DemoxmlApplicationTests]
01:42:38.436 [Test worker] DEBUG org.springframework.test.annotation.ProfileValueUtils - Retrieved @ProfileValueSourceConfiguration [null] for test class [com.pbkk.demoxml.DemoxmlApplicationTests]
01:42:38.437 [Test worker] DEBUG org.springframework.test.annotation.ProfileValueUtils - Retrieved ProfileValueSource type [class org.springframework.test.annotation.SystemProfileValueSource] for class [com.pbkk.demoxml.DemoxmlApplicationTests]
01:42:38.440 [Test worker] DEBUG org.springframework.test.context.support.AbstractDirtiesContextTestExecutionListener - Before test class: context [DefaultTestContext@64d66488 testClass = DemoxmlApplicationTests, testInstance = [null], testMethod = [null], testException = [null], mergedContextConfiguration = [MergedContextConfiguration@2829d36d testClass = DemoxmlApplicationTests, locations = '{}', classes = '{class com.pbkk.demoxml.DemoxmlApplication}', contextInitializerClasses = '[]', activeProfiles = '{}', propertySourceLocations = '{}', propertySourceProperties = '{org.springframework.boot.test.context.SpringBootTestContextBootstrapper=true}', contextCustomizers = set[org.springframework.boot.test.autoconfigure.properties.PropertyMappingContextCustomizer@0, org.springframework.boot.test.autoconfigure.web.servlet.WebDriverContextCustomizerFactory$Customizer@7a21117a, org.springframework.boot.test.context.filter.ExcludeFilterContextCustomizer@224c0f9f, org.springframework.boot.test.json.DuplicateJsonObjectContextCustomizerFactory$DuplicateJsonObjectContextCustomizer@7dd507ad, org.springframework.boot.test.mock.mockito.MockitoContextCustomizer@0, org.springframework.boot.test.web.client.TestRestTemplateContextCustomizer@6be525cc], contextLoader = 'org.springframework.boot.test.context.SpringBootContextLoader', parent = [null]], attributes = map[[empty]]], class annotated with @DirtiesContext [false] with mode [null].
01:42:38.441 [Test worker] DEBUG org.springframework.test.annotation.ProfileValueUtils - Retrieved @ProfileValueSourceConfiguration [null] for test class [com.pbkk.demoxml.DemoxmlApplicationTests]
01:42:38.441 [Test worker] DEBUG org.springframework.test.annotation.ProfileValueUtils - Retrieved ProfileValueSource type [class org.springframework.test.annotation.SystemProfileValueSource] for class [com.pbkk.demoxml.DemoxmlApplicationTests]
01:42:38.443 [Test worker] DEBUG org.springframework.test.context.support.DependencyInjectionTestExecutionListener - Performing dependency injection for test context [[DefaultTestContext@64d66488 testClass = DemoxmlApplicationTests, testInstance = com.pbkk.demoxml.DemoxmlApplicationTests@303042c3, testMethod = [null], testException = [null], mergedContextConfiguration = [MergedContextConfiguration@2829d36d testClass = DemoxmlApplicationTests, locations = '{}', classes = '{class com.pbkk.demoxml.DemoxmlApplication}', contextInitializerClasses = '[]', activeProfiles = '{}', propertySourceLocations = '{}', propertySourceProperties = '{org.springframework.boot.test.context.SpringBootTestContextBootstrapper=true}', contextCustomizers = set[org.springframework.boot.test.autoconfigure.properties.PropertyMappingContextCustomizer@0, org.springframework.boot.test.autoconfigure.web.servlet.WebDriverContextCustomizerFactory$Customizer@7a21117a, org.springframework.boot.test.context.filter.ExcludeFilterContextCustomizer@224c0f9f, org.springframework.boot.test.json.DuplicateJsonObjectContextCustomizerFactory$DuplicateJsonObjectContextCustomizer@7dd507ad, org.springframework.boot.test.mock.mockito.MockitoContextCustomizer@0, org.springframework.boot.test.web.client.TestRestTemplateContextCustomizer@6be525cc], contextLoader = 'org.springframework.boot.test.context.SpringBootContextLoader', parent = [null]], attributes = map[[empty]]]].
01:42:38.457 [Test worker] DEBUG org.springframework.test.context.support.TestPropertySourceUtils - Adding inlined properties to environment: {spring.jmx.enabled=false, org.springframework.boot.test.context.SpringBootTestContextBootstrapper=true, server.port=-1}

  .   ____          _            __ _ _
 /\\ / ___'_ __ _ _(_)_ __  __ _ \ \ \ \
( ( )\___ | '_ | '_| | '_ \/ _` | \ \ \ \
 \\/  ___)| |_)| | | | | || (_| |  ) ) ) )
  '  |____| .__|_| |_|_| |_\__, | / / / /
 =========|_|==============|___/=/_/_/_/
 :: Spring Boot ::        (v2.1.3.RELEASE)

2019-03-25 01:42:38.608  INFO 7235 --- [    Test worker] c.pbkk.demoxml.DemoxmlApplicationTests   : Starting DemoxmlApplicationTests on adhityairvan-X450JN with PID 7235 (started by adhityairvan in /home/adhityairvan/Documents/Kuliah/pbkk/xml)
2019-03-25 01:42:38.610  INFO 7235 --- [    Test worker] c.pbkk.demoxml.DemoxmlApplicationTests   : No active profile set, falling back to default profiles: default
2019-03-25 01:42:38.932  INFO 7235 --- [    Test worker] c.pbkk.demoxml.DemoxmlApplicationTests   : Started DemoxmlApplicationTests in 0.473 seconds (JVM running for 1.107)
]]></system-out>
  <system-err><![CDATA[]]></system-err>
</testsuite>
